h:\taocode\unknownhero\unknownhero\proj.win32\debug.win32\libcocos2d.lib
h:\taocode\unknownhero\unknownhero\cocos2d\cocos\2d\debug.win32\atitc.obj
h:\taocode\unknownhero\unknownhero\cocos2d\cocos\2d\debug.win32\base64.obj
h:\taocode\unknownhero\unknownhero\cocos2d\cocos\2d\debug.win32\ccaction.obj
h:\taocode\unknownhero\unknownhero\cocos2d\cocos\2d\debug.win32\ccactioncamera.obj
h:\taocode\unknownhero\unknownhero\cocos2d\cocos\2d\debug.win32\ccactioncatmullrom.obj
h:\taocode\unknownhero\unknownhero\cocos2d\cocos\2d\debug.win32\ccactionease.obj
h:\taocode\unknownhero\unknownhero\cocos2d\cocos\2d\debug.win32\ccactiongrid.obj
h:\taocode\unknownhero\unknownhero\cocos2d\cocos\2d\debug.win32\ccactiongrid3d.obj
h:\taocode\unknownhero\unknownhero\cocos2d\cocos\2d\debug.win32\ccactioninstant.obj
h:\taocode\unknownhero\unknownhero\cocos2d\cocos\2d\debug.win32\ccactioninterval.obj
h:\taocode\unknownhero\unknownhero\cocos2d\cocos\2d\debug.win32\ccactionmanager.obj
h:\taocode\unknownhero\unknownhero\cocos2d\cocos\2d\debug.win32\ccactionpageturn3d.obj
h:\taocode\unknownhero\unknownhero\cocos2d\cocos\2d\debug.win32\ccactionprogresstimer.obj
h:\taocode\unknownhero\unknownhero\cocos2d\cocos\2d\debug.win32\ccactiontiledgrid.obj
h:\taocode\unknownhero\unknownhero\cocos2d\cocos\2d\debug.win32\ccactiontween.obj
h:\taocode\unknownhero\unknownhero\cocos2d\cocos\2d\debug.win32\ccaffinetransform.obj
h:\taocode\unknownhero\unknownhero\cocos2d\cocos\2d\debug.win32\ccanimate3d.obj
h:\taocode\unknownhero\unknownhero\cocos2d\cocos\2d\debug.win32\ccanimation.obj
h:\taocode\unknownhero\unknownhero\cocos2d\cocos\2d\debug.win32\ccanimation3d.obj
h:\taocode\unknownhero\unknownhero\cocos2d\cocos\2d\debug.win32\ccanimationcache.obj
h:\taocode\unknownhero\unknownhero\cocos2d\cocos\2d\debug.win32\ccapplication.obj
h:\taocode\unknownhero\unknownhero\cocos2d\cocos\2d\debug.win32\ccarray.obj
h:\taocode\unknownhero\unknownhero\cocos2d\cocos\2d\debug.win32\ccatlasnode.obj
h:\taocode\unknownhero\unknownhero\cocos2d\cocos\2d\debug.win32\ccautoreleasepool.obj
h:\taocode\unknownhero\unknownhero\cocos2d\cocos\2d\debug.win32\ccbatchcommand.obj
h:\taocode\unknownhero\unknownhero\cocos2d\cocos\2d\debug.win32\ccbundle3d.obj
h:\taocode\unknownhero\unknownhero\cocos2d\cocos\2d\debug.win32\ccbundlereader.obj
h:\taocode\unknownhero\unknownhero\cocos2d\cocos\2d\debug.win32\cccarray.obj
h:\taocode\unknownhero\unknownhero\cocos2d\cocos\2d\debug.win32\ccclippingnode.obj
h:\taocode\unknownhero\unknownhero\cocos2d\cocos\2d\debug.win32\cccommon.obj
h:\taocode\unknownhero\unknownhero\cocos2d\cocos\2d\debug.win32\cccomponent.obj
h:\taocode\unknownhero\unknownhero\cocos2d\cocos\2d\debug.win32\cccomponentcontainer.obj
h:\taocode\unknownhero\unknownhero\cocos2d\cocos\2d\debug.win32\ccconfiguration.obj
h:\taocode\unknownhero\unknownhero\cocos2d\cocos\2d\debug.win32\ccconsole.obj
h:\taocode\unknownhero\unknownhero\cocos2d\cocos\2d\debug.win32\cccustomcommand.obj
h:\taocode\unknownhero\unknownhero\cocos2d\cocos\2d\debug.win32\ccdata.obj
h:\taocode\unknownhero\unknownhero\cocos2d\cocos\2d\debug.win32\ccdatavisitor.obj
h:\taocode\unknownhero\unknownhero\cocos2d\cocos\2d\debug.win32\ccdeprecated.obj
h:\taocode\unknownhero\unknownhero\cocos2d\cocos\2d\debug.win32\ccdevice.obj
h:\taocode\unknownhero\unknownhero\cocos2d\cocos\2d\debug.win32\ccdictionary.obj
h:\taocode\unknownhero\unknownhero\cocos2d\cocos\2d\debug.win32\ccdirector.obj
h:\taocode\unknownhero\unknownhero\cocos2d\cocos\2d\debug.win32\ccdrawingprimitives.obj
h:\taocode\unknownhero\unknownhero\cocos2d\cocos\2d\debug.win32\ccdrawnode.obj
h:\taocode\unknownhero\unknownhero\cocos2d\cocos\2d\debug.win32\ccevent.obj
h:\taocode\unknownhero\unknownhero\cocos2d\cocos\2d\debug.win32\cceventacceleration.obj
h:\taocode\unknownhero\unknownhero\cocos2d\cocos\2d\debug.win32\cceventcustom.obj
h:\taocode\unknownhero\unknownhero\cocos2d\cocos\2d\debug.win32\cceventdispatcher.obj
h:\taocode\unknownhero\unknownhero\cocos2d\cocos\2d\debug.win32\cceventfocus.obj
h:\taocode\unknownhero\unknownhero\cocos2d\cocos\2d\debug.win32\cceventkeyboard.obj
h:\taocode\unknownhero\unknownhero\cocos2d\cocos\2d\debug.win32\cceventlistener.obj
h:\taocode\unknownhero\unknownhero\cocos2d\cocos\2d\debug.win32\cceventlisteneracceleration.obj
h:\taocode\unknownhero\unknownhero\cocos2d\cocos\2d\debug.win32\cceventlistenercustom.obj
h:\taocode\unknownhero\unknownhero\cocos2d\cocos\2d\debug.win32\cceventlistenerfocus.obj
h:\taocode\unknownhero\unknownhero\cocos2d\cocos\2d\debug.win32\cceventlistenerkeyboard.obj
h:\taocode\unknownhero\unknownhero\cocos2d\cocos\2d\debug.win32\cceventlistenermouse.obj
h:\taocode\unknownhero\unknownhero\cocos2d\cocos\2d\debug.win32\cceventlistenertouch.obj
h:\taocode\unknownhero\unknownhero\cocos2d\cocos\2d\debug.win32\cceventmouse.obj
h:\taocode\unknownhero\unknownhero\cocos2d\cocos\2d\debug.win32\cceventtouch.obj
h:\taocode\unknownhero\unknownhero\cocos2d\cocos\2d\debug.win32\ccfasttmxlayer.obj
h:\taocode\unknownhero\unknownhero\cocos2d\cocos\2d\debug.win32\ccfasttmxtiledmap.obj
h:\taocode\unknownhero\unknownhero\cocos2d\cocos\2d\debug.win32\ccfileutils.obj
h:\taocode\unknownhero\unknownhero\cocos2d\cocos\2d\debug.win32\ccfileutilswin32.obj
h:\taocode\unknownhero\unknownhero\cocos2d\cocos\2d\debug.win32\ccfont.obj
h:\taocode\unknownhero\unknownhero\cocos2d\cocos\2d\debug.win32\ccfontatlas.obj
h:\taocode\unknownhero\unknownhero\cocos2d\cocos\2d\debug.win32\ccfontatlascache.obj
h:\taocode\unknownhero\unknownhero\cocos2d\cocos\2d\debug.win32\ccfontcharmap.obj
h:\taocode\unknownhero\unknownhero\cocos2d\cocos\2d\debug.win32\ccfontfnt.obj
h:\taocode\unknownhero\unknownhero\cocos2d\cocos\2d\debug.win32\ccfontfreetype.obj
h:\taocode\unknownhero\unknownhero\cocos2d\cocos\2d\debug.win32\ccfpsimages.obj
h:\taocode\unknownhero\unknownhero\cocos2d\cocos\2d\debug.win32\ccgeometry.obj
h:\taocode\unknownhero\unknownhero\cocos2d\cocos\2d\debug.win32\ccglbufferednode.obj
h:\taocode\unknownhero\unknownhero\cocos2d\cocos\2d\debug.win32\ccglprogram.obj
h:\taocode\unknownhero\unknownhero\cocos2d\cocos\2d\debug.win32\ccglprogramcache.obj
h:\taocode\unknownhero\unknownhero\cocos2d\cocos\2d\debug.win32\ccglprogramstate.obj
h:\taocode\unknownhero\unknownhero\cocos2d\cocos\2d\debug.win32\ccglprogramstatecache.obj
h:\taocode\unknownhero\unknownhero\cocos2d\cocos\2d\debug.win32\ccglstatecache.obj
h:\taocode\unknownhero\unknownhero\cocos2d\cocos\2d\debug.win32\ccglview.obj
h:\taocode\unknownhero\unknownhero\cocos2d\cocos\2d\debug.win32\ccglviewprotocol.obj
h:\taocode\unknownhero\unknownhero\cocos2d\cocos\2d\debug.win32\ccgrabber.obj
h:\taocode\unknownhero\unknownhero\cocos2d\cocos\2d\debug.win32\ccgrid.obj
h:\taocode\unknownhero\unknownhero\cocos2d\cocos\2d\debug.win32\ccgroupcommand.obj
h:\taocode\unknownhero\unknownhero\cocos2d\cocos\2d\debug.win32\ccimage.obj
h:\taocode\unknownhero\unknownhero\cocos2d\cocos\2d\debug.win32\ccimedispatcher.obj
h:\taocode\unknownhero\unknownhero\cocos2d\cocos\2d\debug.win32\cclabel.obj
h:\taocode\unknownhero\unknownhero\cocos2d\cocos\2d\debug.win32\cclabelatlas.obj
h:\taocode\unknownhero\unknownhero\cocos2d\cocos\2d\debug.win32\cclabelbmfont.obj
h:\taocode\unknownhero\unknownhero\cocos2d\cocos\2d\debug.win32\cclabeltextformatter.obj
h:\taocode\unknownhero\unknownhero\cocos2d\cocos\2d\debug.win32\cclabelttf.obj
h:\taocode\unknownhero\unknownhero\cocos2d\cocos\2d\debug.win32\cclayer.obj
h:\taocode\unknownhero\unknownhero\cocos2d\cocos\2d\debug.win32\ccmenu.obj
h:\taocode\unknownhero\unknownhero\cocos2d\cocos\2d\debug.win32\ccmenuitem.obj
h:\taocode\unknownhero\unknownhero\cocos2d\cocos\2d\debug.win32\ccmesh.obj
h:\taocode\unknownhero\unknownhero\cocos2d\cocos\2d\debug.win32\ccmeshcommand.obj
h:\taocode\unknownhero\unknownhero\cocos2d\cocos\2d\debug.win32\ccmeshskin.obj
h:\taocode\unknownhero\unknownhero\cocos2d\cocos\2d\debug.win32\ccmotionstreak.obj
h:\taocode\unknownhero\unknownhero\cocos2d\cocos\2d\debug.win32\ccnode.obj
h:\taocode\unknownhero\unknownhero\cocos2d\cocos\2d\debug.win32\ccnodegrid.obj
h:\taocode\unknownhero\unknownhero\cocos2d\cocos\2d\debug.win32\ccnotificationcenter.obj
h:\taocode\unknownhero\unknownhero\cocos2d\cocos\2d\debug.win32\ccns.obj
h:\taocode\unknownhero\unknownhero\cocos2d\cocos\2d\debug.win32\ccobjloader.obj
h:\taocode\unknownhero\unknownhero\cocos2d\cocos\2d\debug.win32\ccparallaxnode.obj
h:\taocode\unknownhero\unknownhero\cocos2d\cocos\2d\debug.win32\ccparticlebatchnode.obj
h:\taocode\unknownhero\unknownhero\cocos2d\cocos\2d\debug.win32\ccparticleexamples.obj
h:\taocode\unknownhero\unknownhero\cocos2d\cocos\2d\debug.win32\ccparticlesystem.obj
h:\taocode\unknownhero\unknownhero\cocos2d\cocos\2d\debug.win32\ccparticlesystemquad.obj
h:\taocode\unknownhero\unknownhero\cocos2d\cocos\2d\debug.win32\ccphysicsbody.obj
h:\taocode\unknownhero\unknownhero\cocos2d\cocos\2d\debug.win32\ccphysicsbodyinfo_chipmunk.obj
h:\taocode\unknownhero\unknownhero\cocos2d\cocos\2d\debug.win32\ccphysicscontact.obj
h:\taocode\unknownhero\unknownhero\cocos2d\cocos\2d\debug.win32\ccphysicscontactinfo_chipmunk.obj
h:\taocode\unknownhero\unknownhero\cocos2d\cocos\2d\debug.win32\ccphysicsjoint.obj
h:\taocode\unknownhero\unknownhero\cocos2d\cocos\2d\debug.win32\ccphysicsjointinfo_chipmunk.obj
h:\taocode\unknownhero\unknownhero\cocos2d\cocos\2d\debug.win32\ccphysicsshape.obj
h:\taocode\unknownhero\unknownhero\cocos2d\cocos\2d\debug.win32\ccphysicsshapeinfo_chipmunk.obj
h:\taocode\unknownhero\unknownhero\cocos2d\cocos\2d\debug.win32\ccphysicsworld.obj
h:\taocode\unknownhero\unknownhero\cocos2d\cocos\2d\debug.win32\ccphysicsworldinfo_chipmunk.obj
h:\taocode\unknownhero\unknownhero\cocos2d\cocos\2d\debug.win32\ccprofiling.obj
h:\taocode\unknownhero\unknownhero\cocos2d\cocos\2d\debug.win32\ccprogresstimer.obj
h:\taocode\unknownhero\unknownhero\cocos2d\cocos\2d\debug.win32\ccquadcommand.obj
h:\taocode\unknownhero\unknownhero\cocos2d\cocos\2d\debug.win32\ccref.obj
h:\taocode\unknownhero\unknownhero\cocos2d\cocos\2d\debug.win32\ccrendercommand.obj
h:\taocode\unknownhero\unknownhero\cocos2d\cocos\2d\debug.win32\ccrenderer.obj
h:\taocode\unknownhero\unknownhero\cocos2d\cocos\2d\debug.win32\ccrendertexture.obj
h:\taocode\unknownhero\unknownhero\cocos2d\cocos\2d\debug.win32\ccsaxparser.obj
h:\taocode\unknownhero\unknownhero\cocos2d\cocos\2d\debug.win32\ccscene.obj
h:\taocode\unknownhero\unknownhero\cocos2d\cocos\2d\debug.win32\ccscheduler.obj
h:\taocode\unknownhero\unknownhero\cocos2d\cocos\2d\debug.win32\ccscriptsupport.obj
h:\taocode\unknownhero\unknownhero\cocos2d\cocos\2d\debug.win32\ccset.obj
h:\taocode\unknownhero\unknownhero\cocos2d\cocos\2d\debug.win32\ccshaders.obj
h:\taocode\unknownhero\unknownhero\cocos2d\cocos\2d\debug.win32\ccsprite.obj
h:\taocode\unknownhero\unknownhero\cocos2d\cocos\2d\debug.win32\ccsprite3d.obj
h:\taocode\unknownhero\unknownhero\cocos2d\cocos\2d\debug.win32\ccsprite3dmaterial.obj
h:\taocode\unknownhero\unknownhero\cocos2d\cocos\2d\debug.win32\ccspritebatchnode.obj
h:\taocode\unknownhero\unknownhero\cocos2d\cocos\2d\debug.win32\ccspriteframe.obj
h:\taocode\unknownhero\unknownhero\cocos2d\cocos\2d\debug.win32\ccspriteframecache.obj
h:\taocode\unknownhero\unknownhero\cocos2d\cocos\2d\debug.win32\ccstdc.obj
h:\taocode\unknownhero\unknownhero\cocos2d\cocos\2d\debug.win32\ccstring.obj
h:\taocode\unknownhero\unknownhero\cocos2d\cocos\2d\debug.win32\cctextfieldttf.obj
h:\taocode\unknownhero\unknownhero\cocos2d\cocos\2d\debug.win32\cctexture2d.obj
h:\taocode\unknownhero\unknownhero\cocos2d\cocos\2d\debug.win32\cctextureatlas.obj
h:\taocode\unknownhero\unknownhero\cocos2d\cocos\2d\debug.win32\cctexturecache.obj
h:\taocode\unknownhero\unknownhero\cocos2d\cocos\2d\debug.win32\ccthread.obj
h:\taocode\unknownhero\unknownhero\cocos2d\cocos\2d\debug.win32\cctilemapatlas.obj
h:\taocode\unknownhero\unknownhero\cocos2d\cocos\2d\debug.win32\cctmxlayer.obj
h:\taocode\unknownhero\unknownhero\cocos2d\cocos\2d\debug.win32\cctmxobjectgroup.obj
h:\taocode\unknownhero\unknownhero\cocos2d\cocos\2d\debug.win32\cctmxtiledmap.obj
h:\taocode\unknownhero\unknownhero\cocos2d\cocos\2d\debug.win32\cctmxxmlparser.obj
h:\taocode\unknownhero\unknownhero\cocos2d\cocos\2d\debug.win32\cctouch.obj
h:\taocode\unknownhero\unknownhero\cocos2d\cocos\2d\debug.win32\cctransition.obj
h:\taocode\unknownhero\unknownhero\cocos2d\cocos\2d\debug.win32\cctransitionpageturn.obj
h:\taocode\unknownhero\unknownhero\cocos2d\cocos\2d\debug.win32\cctransitionprogress.obj
h:\taocode\unknownhero\unknownhero\cocos2d\cocos\2d\debug.win32\cctweenfunction.obj
h:\taocode\unknownhero\unknownhero\cocos2d\cocos\2d\debug.win32\cctypes.obj
h:\taocode\unknownhero\unknownhero\cocos2d\cocos\2d\debug.win32\ccuserdefault.obj
h:\taocode\unknownhero\unknownhero\cocos2d\cocos\2d\debug.win32\ccutf8.obj
h:\taocode\unknownhero\unknownhero\cocos2d\cocos\2d\debug.win32\ccutils.obj
h:\taocode\unknownhero\unknownhero\cocos2d\cocos\2d\debug.win32\ccvalue.obj
h:\taocode\unknownhero\unknownhero\cocos2d\cocos\2d\debug.win32\ccvertex.obj
h:\taocode\unknownhero\unknownhero\cocos2d\cocos\2d\debug.win32\cocos2d.obj
h:\taocode\unknownhero\unknownhero\cocos2d\cocos\2d\debug.win32\convertutf.obj
h:\taocode\unknownhero\unknownhero\cocos2d\cocos\2d\debug.win32\convertutfwrapper.obj
h:\taocode\unknownhero\unknownhero\cocos2d\cocos\2d\debug.win32\edtaa3func.obj
h:\taocode\unknownhero\unknownhero\cocos2d\cocos\2d\debug.win32\etc1.obj
h:\taocode\unknownhero\unknownhero\cocos2d\cocos\2d\debug.win32\ioapi.obj
h:\taocode\unknownhero\unknownhero\cocos2d\cocos\2d\debug.win32\mat4.obj
h:\taocode\unknownhero\unknownhero\cocos2d\cocos\2d\debug.win32\mathutil.obj
h:\taocode\unknownhero\unknownhero\cocos2d\cocos\2d\debug.win32\objectfactory.obj
h:\taocode\unknownhero\unknownhero\cocos2d\cocos\2d\debug.win32\quaternion.obj
h:\taocode\unknownhero\unknownhero\cocos2d\cocos\2d\debug.win32\s3tc.obj
h:\taocode\unknownhero\unknownhero\cocos2d\cocos\2d\debug.win32\tgalib.obj
h:\taocode\unknownhero\unknownhero\cocos2d\cocos\2d\debug.win32\tinyxml2.obj
h:\taocode\unknownhero\unknownhero\cocos2d\cocos\2d\debug.win32\transformutils.obj
h:\taocode\unknownhero\unknownhero\cocos2d\cocos\2d\debug.win32\unzip.obj
h:\taocode\unknownhero\unknownhero\cocos2d\cocos\2d\debug.win32\vec2.obj
h:\taocode\unknownhero\unknownhero\cocos2d\cocos\2d\debug.win32\vec3.obj
h:\taocode\unknownhero\unknownhero\cocos2d\cocos\2d\debug.win32\vec4.obj
h:\taocode\unknownhero\unknownhero\cocos2d\cocos\2d\debug.win32\xxhash.obj
h:\taocode\unknownhero\unknownhero\cocos2d\cocos\2d\debug.win32\ziputils.obj
h:\taocode\unknownhero\unknownhero\cocos2d\cocos\2d\debug.win32\cl.10376.read.1.tlog
h:\taocode\unknownhero\unknownhero\cocos2d\cocos\2d\debug.win32\cl.10376.write.1.tlog
h:\taocode\unknownhero\unknownhero\cocos2d\cocos\2d\debug.win32\cl.21896.read.1.tlog
h:\taocode\unknownhero\unknownhero\cocos2d\cocos\2d\debug.win32\cl.21896.write.1.tlog
h:\taocode\unknownhero\unknownhero\cocos2d\cocos\2d\debug.win32\cl.22708.read.1.tlog
h:\taocode\unknownhero\unknownhero\cocos2d\cocos\2d\debug.win32\cl.22708.write.1.tlog
h:\taocode\unknownhero\unknownhero\cocos2d\cocos\2d\debug.win32\cl.25792.read.1.tlog
h:\taocode\unknownhero\unknownhero\cocos2d\cocos\2d\debug.win32\cl.25792.write.1.tlog
h:\taocode\unknownhero\unknownhero\cocos2d\cocos\2d\debug.win32\cl.26100.read.1.tlog
h:\taocode\unknownhero\unknownhero\cocos2d\cocos\2d\debug.win32\cl.26100.write.1.tlog
h:\taocode\unknownhero\unknownhero\cocos2d\cocos\2d\debug.win32\cl.31376.read.1.tlog
h:\taocode\unknownhero\unknownhero\cocos2d\cocos\2d\debug.win32\cl.31376.write.1.tlog
h:\taocode\unknownhero\unknownhero\cocos2d\cocos\2d\debug.win32\cl.39420.read.1.tlog
h:\taocode\unknownhero\unknownhero\cocos2d\cocos\2d\debug.win32\cl.39420.write.1.tlog
h:\taocode\unknownhero\unknownhero\cocos2d\cocos\2d\debug.win32\cl.40752.read.1.tlog
h:\taocode\unknownhero\unknownhero\cocos2d\cocos\2d\debug.win32\cl.40752.write.1.tlog
h:\taocode\unknownhero\unknownhero\cocos2d\cocos\2d\debug.win32\cl.command.1.tlog
h:\taocode\unknownhero\unknownhero\cocos2d\cocos\2d\debug.win32\cl.read.1.tlog
h:\taocode\unknownhero\unknownhero\cocos2d\cocos\2d\debug.win32\cl.write.1.tlog
h:\taocode\unknownhero\unknownhero\cocos2d\cocos\2d\debug.win32\lib-link.read.1.tlog
h:\taocode\unknownhero\unknownhero\cocos2d\cocos\2d\debug.win32\lib-link.write.1.tlog
h:\taocode\unknownhero\unknownhero\cocos2d\cocos\2d\debug.win32\lib.command.1.tlog
h:\taocode\unknownhero\unknownhero\cocos2d\cocos\2d\debug.win32\libcocos2d.tlog\cl.command.1.tlog
h:\taocode\unknownhero\unknownhero\cocos2d\cocos\2d\debug.win32\libcocos2d.tlog\cl.read.1.tlog
h:\taocode\unknownhero\unknownhero\cocos2d\cocos\2d\debug.win32\libcocos2d.tlog\lib-link.read.1.tlog
h:\taocode\unknownhero\unknownhero\cocos2d\cocos\2d\debug.win32\libcocos2d.tlog\lib-link.write.1.tlog
h:\taocode\unknownhero\unknownhero\cocos2d\cocos\2d\debug.win32\libcocos2d.tlog\lib.command.1.tlog
