h:\taocode\unknownhero\unknownhero\cocos2d\cocos\audio\proj.win32\debug.win32\vc110.pdb
h:\taocode\unknownhero\unknownhero\proj.win32\debug.win32\libaudio.lib
h:\taocode\unknownhero\unknownhero\cocos2d\cocos\audio\proj.win32\debug.win32\vc120.pdb
h:\taocode\unknownhero\unknownhero\cocos2d\cocos\audio\proj.win32\debug.win32\mciplayer.obj
h:\taocode\unknownhero\unknownhero\cocos2d\cocos\audio\proj.win32\debug.win32\simpleaudioengine.obj
h:\taocode\unknownhero\unknownhero\cocos2d\cocos\audio\proj.win32\debug.win32\cl.27192.read.1.tlog
h:\taocode\unknownhero\unknownhero\cocos2d\cocos\audio\proj.win32\debug.win32\cl.27192.write.1.tlog
h:\taocode\unknownhero\unknownhero\cocos2d\cocos\audio\proj.win32\debug.win32\cl.29916.read.1.tlog
h:\taocode\unknownhero\unknownhero\cocos2d\cocos\audio\proj.win32\debug.win32\cl.29916.write.1.tlog
h:\taocode\unknownhero\unknownhero\cocos2d\cocos\audio\proj.win32\debug.win32\cl.command.1.tlog
h:\taocode\unknownhero\unknownhero\cocos2d\cocos\audio\proj.win32\debug.win32\cl.read.1.tlog
h:\taocode\unknownhero\unknownhero\cocos2d\cocos\audio\proj.win32\debug.win32\cl.write.1.tlog
h:\taocode\unknownhero\unknownhero\cocos2d\cocos\audio\proj.win32\debug.win32\lib-link.read.1.tlog
h:\taocode\unknownhero\unknownhero\cocos2d\cocos\audio\proj.win32\debug.win32\lib-link.write.1.tlog
h:\taocode\unknownhero\unknownhero\cocos2d\cocos\audio\proj.win32\debug.win32\lib.command.1.tlog
h:\taocode\unknownhero\unknownhero\cocos2d\cocos\audio\proj.win32\debug.win32\vc110.idb
h:\taocode\unknownhero\unknownhero\cocos2d\cocos\audio\proj.win32\debug.win32\vc120.idb
h:\taocode\unknownhero\unknownhero\cocos2d\cocos\audio\proj.win32\debug.win32\libaudio.tlog\cl.command.1.tlog
h:\taocode\unknownhero\unknownhero\cocos2d\cocos\audio\proj.win32\debug.win32\libaudio.tlog\cl.read.1.tlog
h:\taocode\unknownhero\unknownhero\cocos2d\cocos\audio\proj.win32\debug.win32\libaudio.tlog\cl.write.1.tlog
h:\taocode\unknownhero\unknownhero\cocos2d\cocos\audio\proj.win32\debug.win32\libaudio.tlog\lib-link.read.1.tlog
h:\taocode\unknownhero\unknownhero\cocos2d\cocos\audio\proj.win32\debug.win32\libaudio.tlog\lib-link.write.1.tlog
h:\taocode\unknownhero\unknownhero\cocos2d\cocos\audio\proj.win32\debug.win32\libaudio.tlog\lib.command.1.tlog
